<?xml version="1.0" encoding="UTF-8"?>
<!-- Generated by org.testng.reporters.JUnitReportReporter -->
<testsuite hostname="DESKTOP-1800T4T" failures="0" tests="1" name="ActivitiesTest" time="42.274" errors="0" timestamp="2020-05-17T21:37:38 IST" skipped="0">
  <testcase classname="ActivitiesTest" name="activities" time="42.274"/>
</testsuite> <!-- ActivitiesTest -->
