<?xml version="1.0" encoding="UTF-8"?>
<!-- Generated by org.testng.reporters.JUnitReportReporter -->
<testsuite hostname="DESKTOP-1800T4T" failures="0" tests="1" name="UserTest" time="44.421" errors="0" timestamp="2020-05-15T16:38:25 IST" skipped="0">
  <testcase classname="UserTest" name="user" time="44.421"/>
</testsuite> <!-- UserTest -->
