<?xml version="1.0" encoding="UTF-8"?>
<!-- Generated by org.testng.reporters.JUnitReportReporter -->
<testsuite hostname="DESKTOP-1800T4T" failures="0" tests="1" name="VendorTest" time="48.251" errors="0" timestamp="2020-05-17T21:29:46 IST" skipped="0">
  <testcase classname="VendorTest" name="vendor" time="48.251"/>
</testsuite> <!-- VendorTest -->
