<?xml version="1.0" encoding="UTF-8"?>
<!-- Generated by org.testng.reporters.JUnitReportReporter -->
<testsuite hostname="DESKTOP-1800T4T" failures="0" tests="1" name="StoreTest" time="80.452" errors="0" timestamp="2020-05-17T22:14:13 IST" skipped="0">
  <testcase classname="StoreTest" name="store" time="80.452"/>
</testsuite> <!-- StoreTest -->
