<?xml version="1.0" encoding="UTF-8"?>
<!-- Generated by org.testng.reporters.JUnitReportReporter -->
<testsuite hostname="DESKTOP-1800T4T" failures="0" tests="1" name="NewTest" time="0.004" errors="0" timestamp="2020-05-04T16:21:35 IST" skipped="0">
  <testcase classname="NewTest" name="f" time="0.004"/>
</testsuite> <!-- NewTest -->
