<?xml version="1.0" encoding="UTF-8"?>
<!-- Generated by org.testng.reporters.JUnitReportReporter -->
<testsuite hostname="DESKTOP-1800T4T" failures="0" tests="1" name="SchoolTrainingTest" time="81.438" errors="0" timestamp="2020-05-17T22:41:24 IST" skipped="0">
  <testcase classname="SchoolTrainingTest" name="schoolTraining" time="81.438"/>
</testsuite> <!-- SchoolTrainingTest -->
