<?xml version="1.0" encoding="UTF-8"?>
<!-- Generated by org.testng.reporters.JUnitReportReporter -->
<testsuite hostname="DESKTOP-1800T4T" failures="0" tests="1" name="LoginLogoutTest" time="60.147" errors="0" timestamp="2020-05-15T13:15:38 IST" skipped="0">
  <testcase classname="LoginLogoutTest" name="LoginLogoutTest" time="60.147"/>
</testsuite> <!-- LoginLogoutTest -->
