<?xml version="1.0" encoding="UTF-8"?>
<!-- Generated by org.testng.reporters.JUnitReportReporter -->
<testsuite hostname="DESKTOP-1800T4T" failures="0" tests="1" name="EventsTest" time="65.890" errors="0" timestamp="2020-05-17T22:01:53 IST" skipped="0">
  <testcase classname="EventsTest" name="events" time="65.890"/>
</testsuite> <!-- EventsTest -->
