<?xml version="1.0" encoding="UTF-8"?>
<!-- Generated by org.testng.reporters.JUnitReportReporter -->
<testsuite hostname="DESKTOP-1800T4T" failures="0" tests="1" name="SettingsSchoolTest" time="25.158" errors="0" timestamp="2020-05-17T22:22:37 IST" skipped="0">
  <testcase classname="SettingsSchoolTest" name="settingsSchool" time="25.158"/>
</testsuite> <!-- SettingsSchoolTest -->
