<?xml version="1.0" encoding="UTF-8"?>
<!-- Generated by org.testng.reporters.JUnitReportReporter -->
<testsuite hostname="DESKTOP-1800T4T" failures="0" tests="1" name="CampaignTest" time="63.703" errors="0" timestamp="2020-05-18T13:58:23 IST" skipped="0">
  <testcase classname="CampaignTest" name="campaign" time="63.703"/>
</testsuite> <!-- CampaignTest -->
