<?xml version="1.0" encoding="UTF-8"?>
<!-- Generated by org.testng.reporters.JUnitReportReporter -->
<testsuite hostname="DESKTOP-1800T4T" failures="0" tests="1" name="SettingsTest" time="23.778" errors="0" timestamp="2020-05-17T22:26:15 IST" skipped="0">
  <testcase classname="SettingsTest" name="settings" time="23.778"/>
</testsuite> <!-- SettingsTest -->
